<?xml version="1.0" encoding="UTF-8"?>
<!-- Generated by org.testng.reporters.JUnitReportReporter -->
<testsuite skipped="289" hostname="DESKTOP-E8P7HBR" name="org.rerun.AdactinAutomationWithRerun" tests="294" failures="0" timestamp="2021-04-10T11:28:05 IST" time="24.462" errors="0">
  <testcase name="Test5" time="0.014" classname="org.rerun.AdactinAutomationWithRerun">
    <skipped/>
  </testcase> <!-- Test5 -->
  <system-out/>
  <testcase name="Test5" time="0.014" classname="org.rerun.AdactinAutomationWithRerun">
    <skipped/>
  </testcase> <!-- Test5 -->
  <system-out/>
  <testcase name="Test5" time="0.016" classname="org.rerun.AdactinAutomationWithRerun">
    <skipped/>
  </testcase> <!-- Test5 -->
  <system-out/>
  <testcase name="Test5" time="0.016" classname="org.rerun.AdactinAutomationWithRerun">
    <skipped/>
  </testcase> <!-- Test5 -->
  <system-out/>
  <testcase name="Test5" time="0.017" classname="org.rerun.AdactinAutomationWithRerun">
    <skipped/>
  </testcase> <!-- Test5 -->
  <system-out/>
  <testcase name="Test5" time="0.016" classname="org.rerun.AdactinAutomationWithRerun">
    <skipped/>
  </testcase> <!-- Test5 -->
  <system-out/>
  <testcase name="Test5" time="0.017" classname="org.rerun.AdactinAutomationWithRerun">
    <skipped/>
  </testcase> <!-- Test5 -->
  <system-out/>
  <testcase name="Test5" time="0.017" classname="org.rerun.AdactinAutomationWithRerun">
    <skipped/>
  </testcase> <!-- Test5 -->
  <system-out/>
  <testcase name="Test5" time="0.018" classname="org.rerun.AdactinAutomationWithRerun">
    <skipped/>
  </testcase> <!-- Test5 -->
  <system-out/>
  <testcase name="Test5" time="0.015" classname="org.rerun.AdactinAutomationWithRerun">
    <skipped/>
  </testcase> <!-- Test5 -->
  <system-out/>
  <testcase name="Test5" time="0.016" classname="org.rerun.AdactinAutomationWithRerun">
    <skipped/>
  </testcase> <!-- Test5 -->
  <system-out/>
  <testcase name="Test5" time="0.016" classname="org.rerun.AdactinAutomationWithRerun">
    <skipped/>
  </testcase> <!-- Test5 -->
  <system-out/>
  <testcase name="Test5" time="0.016" classname="org.rerun.AdactinAutomationWithRerun">
    <skipped/>
  </testcase> <!-- Test5 -->
  <system-out/>
  <testcase name="Test5" time="0.020" classname="org.rerun.AdactinAutomationWithRerun">
    <skipped/>
  </testcase> <!-- Test5 -->
  <system-out/>
  <testcase name="Test5" time="0.017" classname="org.rerun.AdactinAutomationWithRerun">
    <skipped/>
  </testcase> <!-- Test5 -->
  <system-out/>
  <testcase name="Test5" time="0.021" classname="org.rerun.AdactinAutomationWithRerun">
    <skipped/>
  </testcase> <!-- Test5 -->
  <system-out/>
  <testcase name="Test5" time="0.016" classname="org.rerun.AdactinAutomationWithRerun">
    <skipped/>
  </testcase> <!-- Test5 -->
  <system-out/>
  <testcase name="Test5" time="0.016" classname="org.rerun.AdactinAutomationWithRerun">
    <skipped/>
  </testcase> <!-- Test5 -->
  <system-out/>
  <testcase name="Test1" time="12.818" classname="org.rerun.AdactinAutomationWithRerun"/>
  <system-out/>
  <testcase name="Test5" time="0.017" classname="org.rerun.AdactinAutomationWithRerun">
    <skipped/>
  </testcase> <!-- Test5 -->
  <system-out/>
  <testcase name="Test5" time="0.020" classname="org.rerun.AdactinAutomationWithRerun">
    <skipped/>
  </testcase> <!-- Test5 -->
  <system-out/>
  <testcase name="Test5" time="0.017" classname="org.rerun.AdactinAutomationWithRerun">
    <skipped/>
  </testcase> <!-- Test5 -->
  <system-out/>
  <testcase name="Test5" time="0.017" classname="org.rerun.AdactinAutomationWithRerun">
    <skipped/>
  </testcase> <!-- Test5 -->
  <system-out/>
  <testcase name="Test5" time="0.016" classname="org.rerun.AdactinAutomationWithRerun">
    <skipped/>
  </testcase> <!-- Test5 -->
  <system-out/>
  <testcase name="Test5" time="0.016" classname="org.rerun.AdactinAutomationWithRerun">
    <skipped/>
  </testcase> <!-- Test5 -->
  <system-out/>
  <testcase name="Test5" time="0.018" classname="org.rerun.AdactinAutomationWithRerun">
    <skipped/>
  </testcase> <!-- Test5 -->
  <system-out/>
  <testcase name="Test5" time="0.017" classname="org.rerun.AdactinAutomationWithRerun">
    <skipped/>
  </testcase> <!-- Test5 -->
  <system-out/>
  <testcase name="Test5" time="0.016" classname="org.rerun.AdactinAutomationWithRerun">
    <skipped/>
  </testcase> <!-- Test5 -->
  <system-out/>
  <testcase name="Test5" time="0.017" classname="org.rerun.AdactinAutomationWithRerun">
    <skipped/>
  </testcase> <!-- Test5 -->
  <system-out/>
  <testcase name="Test5" time="0.018" classname="org.rerun.AdactinAutomationWithRerun">
    <skipped/>
  </testcase> <!-- Test5 -->
  <system-out/>
  <testcase name="Test5" time="0.015" classname="org.rerun.AdactinAutomationWithRerun">
    <skipped/>
  </testcase> <!-- Test5 -->
  <system-out/>
  <testcase name="Test5" time="0.016" classname="org.rerun.AdactinAutomationWithRerun">
    <skipped/>
  </testcase> <!-- Test5 -->
  <system-out/>
  <testcase name="Test5" time="0.015" classname="org.rerun.AdactinAutomationWithRerun">
    <skipped/>
  </testcase> <!-- Test5 -->
  <system-out/>
  <testcase name="Test5" time="0.017" classname="org.rerun.AdactinAutomationWithRerun">
    <skipped/>
  </testcase> <!-- Test5 -->
  <system-out/>
  <testcase name="Test5" time="0.015" classname="org.rerun.AdactinAutomationWithRerun">
    <skipped/>
  </testcase> <!-- Test5 -->
  <system-out/>
  <testcase name="Test5" time="0.015" classname="org.rerun.AdactinAutomationWithRerun">
    <skipped/>
  </testcase> <!-- Test5 -->
  <system-out/>
  <testcase name="Test5" time="0.016" classname="org.rerun.AdactinAutomationWithRerun">
    <skipped/>
  </testcase> <!-- Test5 -->
  <system-out/>
  <testcase name="Test5" time="0.018" classname="org.rerun.AdactinAutomationWithRerun">
    <skipped/>
  </testcase> <!-- Test5 -->
  <system-out/>
  <testcase name="Test5" time="0.017" classname="org.rerun.AdactinAutomationWithRerun">
    <skipped/>
  </testcase> <!-- Test5 -->
  <system-out/>
  <testcase name="Test5" time="0.016" classname="org.rerun.AdactinAutomationWithRerun">
    <skipped/>
  </testcase> <!-- Test5 -->
  <system-out/>
  <testcase name="Test5" time="0.016" classname="org.rerun.AdactinAutomationWithRerun">
    <skipped/>
  </testcase> <!-- Test5 -->
  <system-out/>
  <testcase name="Test5" time="0.015" classname="org.rerun.AdactinAutomationWithRerun">
    <skipped/>
  </testcase> <!-- Test5 -->
  <system-out/>
  <testcase name="Test5" time="0.016" classname="org.rerun.AdactinAutomationWithRerun">
    <skipped/>
  </testcase> <!-- Test5 -->
  <system-out/>
  <testcase name="Test5" time="0.027" classname="org.rerun.AdactinAutomationWithRerun">
    <skipped/>
  </testcase> <!-- Test5 -->
  <system-out/>
  <testcase name="Test5" time="0.017" classname="org.rerun.AdactinAutomationWithRerun">
    <skipped/>
  </testcase> <!-- Test5 -->
  <system-out/>
  <testcase name="Test5" time="0.016" classname="org.rerun.AdactinAutomationWithRerun">
    <skipped/>
  </testcase> <!-- Test5 -->
  <system-out/>
  <testcase name="Test5" time="0.017" classname="org.rerun.AdactinAutomationWithRerun">
    <skipped/>
  </testcase> <!-- Test5 -->
  <system-out/>
  <testcase name="Test5" time="0.016" classname="org.rerun.AdactinAutomationWithRerun">
    <skipped/>
  </testcase> <!-- Test5 -->
  <system-out/>
  <testcase name="Test5" time="0.016" classname="org.rerun.AdactinAutomationWithRerun">
    <skipped/>
  </testcase> <!-- Test5 -->
  <system-out/>
  <testcase name="Test5" time="0.016" classname="org.rerun.AdactinAutomationWithRerun">
    <skipped/>
  </testcase> <!-- Test5 -->
  <system-out/>
  <testcase name="Test5" time="0.016" classname="org.rerun.AdactinAutomationWithRerun">
    <skipped/>
  </testcase> <!-- Test5 -->
  <system-out/>
  <testcase name="Test5" time="0.016" classname="org.rerun.AdactinAutomationWithRerun">
    <skipped/>
  </testcase> <!-- Test5 -->
  <system-out/>
  <testcase name="Test5" time="0.022" classname="org.rerun.AdactinAutomationWithRerun">
    <skipped/>
  </testcase> <!-- Test5 -->
  <system-out/>
  <testcase name="Test5" time="0.018" classname="org.rerun.AdactinAutomationWithRerun">
    <skipped/>
  </testcase> <!-- Test5 -->
  <system-out/>
  <testcase name="Test5" time="0.015" classname="org.rerun.AdactinAutomationWithRerun">
    <skipped/>
  </testcase> <!-- Test5 -->
  <system-out/>
  <testcase name="Test5" time="0.016" classname="org.rerun.AdactinAutomationWithRerun">
    <skipped/>
  </testcase> <!-- Test5 -->
  <system-out/>
  <testcase name="Test5" time="0.016" classname="org.rerun.AdactinAutomationWithRerun">
    <skipped/>
  </testcase> <!-- Test5 -->
  <system-out/>
  <testcase name="Test5" time="0.015" classname="org.rerun.AdactinAutomationWithRerun">
    <skipped/>
  </testcase> <!-- Test5 -->
  <system-out/>
  <testcase name="Test5" time="0.015" classname="org.rerun.AdactinAutomationWithRerun">
    <skipped/>
  </testcase> <!-- Test5 -->
  <system-out/>
  <testcase name="Test5" time="0.017" classname="org.rerun.AdactinAutomationWithRerun">
    <skipped/>
  </testcase> <!-- Test5 -->
  <system-out/>
  <testcase name="Test5" time="0.014" classname="org.rerun.AdactinAutomationWithRerun">
    <skipped/>
  </testcase> <!-- Test5 -->
  <system-out/>
  <testcase name="Test5" time="0.017" classname="org.rerun.AdactinAutomationWithRerun">
    <skipped/>
  </testcase> <!-- Test5 -->
  <system-out/>
  <testcase name="Test5" time="0.016" classname="org.rerun.AdactinAutomationWithRerun">
    <skipped/>
  </testcase> <!-- Test5 -->
  <system-out/>
  <testcase name="Test5" time="0.017" classname="org.rerun.AdactinAutomationWithRerun">
    <skipped/>
  </testcase> <!-- Test5 -->
  <system-out/>
  <testcase name="Test5" time="0.021" classname="org.rerun.AdactinAutomationWithRerun">
    <skipped/>
  </testcase> <!-- Test5 -->
  <system-out/>
  <testcase name="Test5" time="0.017" classname="org.rerun.AdactinAutomationWithRerun">
    <skipped/>
  </testcase> <!-- Test5 -->
  <system-out/>
  <testcase name="Test3" time="0.894" classname="org.rerun.AdactinAutomationWithRerun"/>
  <system-out/>
  <testcase name="Test5" time="0.016" classname="org.rerun.AdactinAutomationWithRerun">
    <skipped/>
  </testcase> <!-- Test5 -->
  <system-out/>
  <testcase name="Test5" time="0.015" classname="org.rerun.AdactinAutomationWithRerun">
    <skipped/>
  </testcase> <!-- Test5 -->
  <system-out/>
  <testcase name="Test5" time="0.017" classname="org.rerun.AdactinAutomationWithRerun">
    <skipped/>
  </testcase> <!-- Test5 -->
  <system-out/>
  <testcase name="Test5" time="0.019" classname="org.rerun.AdactinAutomationWithRerun">
    <skipped/>
  </testcase> <!-- Test5 -->
  <system-out/>
  <testcase name="Test5" time="0.019" classname="org.rerun.AdactinAutomationWithRerun">
    <skipped/>
  </testcase> <!-- Test5 -->
  <system-out/>
  <testcase name="Test5" time="0.015" classname="org.rerun.AdactinAutomationWithRerun">
    <skipped/>
  </testcase> <!-- Test5 -->
  <system-out/>
  <testcase name="Test5" time="0.016" classname="org.rerun.AdactinAutomationWithRerun">
    <skipped/>
  </testcase> <!-- Test5 -->
  <system-out/>
  <testcase name="Test5" time="0.016" classname="org.rerun.AdactinAutomationWithRerun">
    <skipped/>
  </testcase> <!-- Test5 -->
  <system-out/>
  <testcase name="Test5" time="0.017" classname="org.rerun.AdactinAutomationWithRerun">
    <skipped/>
  </testcase> <!-- Test5 -->
  <system-out/>
  <testcase name="Test5" time="0.016" classname="org.rerun.AdactinAutomationWithRerun">
    <skipped/>
  </testcase> <!-- Test5 -->
  <system-out/>
  <testcase name="Test5" time="0.014" classname="org.rerun.AdactinAutomationWithRerun">
    <skipped/>
  </testcase> <!-- Test5 -->
  <system-out/>
  <testcase name="Test5" time="0.016" classname="org.rerun.AdactinAutomationWithRerun">
    <skipped/>
  </testcase> <!-- Test5 -->
  <system-out/>
  <testcase name="Test5" time="0.016" classname="org.rerun.AdactinAutomationWithRerun">
    <skipped/>
  </testcase> <!-- Test5 -->
  <system-out/>
  <testcase name="Test5" time="0.017" classname="org.rerun.AdactinAutomationWithRerun">
    <skipped/>
  </testcase> <!-- Test5 -->
  <system-out/>
  <testcase name="Test5" time="0.016" classname="org.rerun.AdactinAutomationWithRerun">
    <skipped/>
  </testcase> <!-- Test5 -->
  <system-out/>
  <testcase name="Test5" time="0.016" classname="org.rerun.AdactinAutomationWithRerun">
    <skipped/>
  </testcase> <!-- Test5 -->
  <system-out/>
  <testcase name="Test5" time="0.015" classname="org.rerun.AdactinAutomationWithRerun">
    <skipped/>
  </testcase> <!-- Test5 -->
  <system-out/>
  <testcase name="Test5" time="0.017" classname="org.rerun.AdactinAutomationWithRerun">
    <skipped/>
  </testcase> <!-- Test5 -->
  <system-out/>
  <testcase name="Test5" time="0.018" classname="org.rerun.AdactinAutomationWithRerun">
    <skipped/>
  </testcase> <!-- Test5 -->
  <system-out/>
  <testcase name="Test5" time="0.017" classname="org.rerun.AdactinAutomationWithRerun">
    <skipped/>
  </testcase> <!-- Test5 -->
  <system-out/>
  <testcase name="Test5" time="0.016" classname="org.rerun.AdactinAutomationWithRerun">
    <skipped/>
  </testcase> <!-- Test5 -->
  <system-out/>
  <testcase name="Test5" time="0.015" classname="org.rerun.AdactinAutomationWithRerun">
    <skipped/>
  </testcase> <!-- Test5 -->
  <system-out/>
  <testcase name="Test5" time="0.016" classname="org.rerun.AdactinAutomationWithRerun">
    <skipped/>
  </testcase> <!-- Test5 -->
  <system-out/>
  <testcase name="Test5" time="0.016" classname="org.rerun.AdactinAutomationWithRerun">
    <skipped/>
  </testcase> <!-- Test5 -->
  <system-out/>
  <testcase name="Test5" time="0.015" classname="org.rerun.AdactinAutomationWithRerun">
    <skipped/>
  </testcase> <!-- Test5 -->
  <system-out/>
  <testcase name="Test5" time="0.015" classname="org.rerun.AdactinAutomationWithRerun">
    <skipped/>
  </testcase> <!-- Test5 -->
  <system-out/>
  <testcase name="Test5" time="0.021" classname="org.rerun.AdactinAutomationWithRerun">
    <skipped/>
  </testcase> <!-- Test5 -->
  <system-out/>
  <testcase name="Test5" time="0.019" classname="org.rerun.AdactinAutomationWithRerun">
    <skipped/>
  </testcase> <!-- Test5 -->
  <system-out/>
  <testcase name="Test5" time="0.016" classname="org.rerun.AdactinAutomationWithRerun">
    <skipped/>
  </testcase> <!-- Test5 -->
  <system-out/>
  <testcase name="Test5" time="0.015" classname="org.rerun.AdactinAutomationWithRerun">
    <skipped/>
  </testcase> <!-- Test5 -->
  <system-out/>
  <testcase name="Test5" time="0.017" classname="org.rerun.AdactinAutomationWithRerun">
    <skipped/>
  </testcase> <!-- Test5 -->
  <system-out/>
  <testcase name="Test5" time="0.017" classname="org.rerun.AdactinAutomationWithRerun">
    <skipped/>
  </testcase> <!-- Test5 -->
  <system-out/>
  <testcase name="Test5" time="0.015" classname="org.rerun.AdactinAutomationWithRerun">
    <skipped/>
  </testcase> <!-- Test5 -->
  <system-out/>
  <testcase name="Test5" time="0.016" classname="org.rerun.AdactinAutomationWithRerun">
    <skipped/>
  </testcase> <!-- Test5 -->
  <system-out/>
  <testcase name="Test5" time="0.017" classname="org.rerun.AdactinAutomationWithRerun">
    <skipped/>
  </testcase> <!-- Test5 -->
  <system-out/>
  <testcase name="Test5" time="0.018" classname="org.rerun.AdactinAutomationWithRerun">
    <skipped/>
  </testcase> <!-- Test5 -->
  <system-out/>
  <testcase name="Test5" time="0.016" classname="org.rerun.AdactinAutomationWithRerun">
    <skipped/>
  </testcase> <!-- Test5 -->
  <system-out/>
  <testcase name="Test5" time="0.015" classname="org.rerun.AdactinAutomationWithRerun">
    <skipped/>
  </testcase> <!-- Test5 -->
  <system-out/>
  <testcase name="Test5" time="0.018" classname="org.rerun.AdactinAutomationWithRerun">
    <skipped/>
  </testcase> <!-- Test5 -->
  <system-out/>
  <testcase name="Test5" time="0.015" classname="org.rerun.AdactinAutomationWithRerun">
    <skipped/>
  </testcase> <!-- Test5 -->
  <system-out/>
  <testcase name="Test5" time="0.016" classname="org.rerun.AdactinAutomationWithRerun">
    <skipped/>
  </testcase> <!-- Test5 -->
  <system-out/>
  <testcase name="Test5" time="0.021" classname="org.rerun.AdactinAutomationWithRerun">
    <skipped/>
  </testcase> <!-- Test5 -->
  <system-out/>
  <testcase name="Test5" time="0.016" classname="org.rerun.AdactinAutomationWithRerun">
    <skipped/>
  </testcase> <!-- Test5 -->
  <system-out/>
  <testcase name="Test5" time="0.018" classname="org.rerun.AdactinAutomationWithRerun">
    <skipped/>
  </testcase> <!-- Test5 -->
  <system-out/>
  <testcase name="Test5" time="0.014" classname="org.rerun.AdactinAutomationWithRerun">
    <skipped/>
  </testcase> <!-- Test5 -->
  <system-out/>
  <testcase name="Test5" time="0.020" classname="org.rerun.AdactinAutomationWithRerun">
    <skipped/>
  </testcase> <!-- Test5 -->
  <system-out/>
  <testcase name="Test5" time="0.016" classname="org.rerun.AdactinAutomationWithRerun">
    <skipped/>
  </testcase> <!-- Test5 -->
  <system-out/>
  <testcase name="Test5" time="0.016" classname="org.rerun.AdactinAutomationWithRerun">
    <skipped/>
  </testcase> <!-- Test5 -->
  <system-out/>
  <testcase name="Test5" time="0.014" classname="org.rerun.AdactinAutomationWithRerun">
    <skipped/>
  </testcase> <!-- Test5 -->
  <system-out/>
  <testcase name="Test5" time="0.017" classname="org.rerun.AdactinAutomationWithRerun">
    <skipped/>
  </testcase> <!-- Test5 -->
  <system-out/>
  <testcase name="Test5" time="0.016" classname="org.rerun.AdactinAutomationWithRerun">
    <skipped/>
  </testcase> <!-- Test5 -->
  <system-out/>
  <testcase name="Test5" time="0.015" classname="org.rerun.AdactinAutomationWithRerun">
    <skipped/>
  </testcase> <!-- Test5 -->
  <system-out/>
  <testcase name="Test5" time="0.015" classname="org.rerun.AdactinAutomationWithRerun">
    <skipped/>
  </testcase> <!-- Test5 -->
  <system-out/>
  <testcase name="Test5" time="0.014" classname="org.rerun.AdactinAutomationWithRerun">
    <skipped/>
  </testcase> <!-- Test5 -->
  <system-out/>
  <testcase name="Test5" time="0.015" classname="org.rerun.AdactinAutomationWithRerun">
    <skipped/>
  </testcase> <!-- Test5 -->
  <system-out/>
  <testcase name="Test5" time="0.017" classname="org.rerun.AdactinAutomationWithRerun">
    <skipped/>
  </testcase> <!-- Test5 -->
  <system-out/>
  <testcase name="Test5" time="0.015" classname="org.rerun.AdactinAutomationWithRerun">
    <skipped/>
  </testcase> <!-- Test5 -->
  <system-out/>
  <testcase name="Test5" time="0.019" classname="org.rerun.AdactinAutomationWithRerun">
    <skipped/>
  </testcase> <!-- Test5 -->
  <system-out/>
  <testcase name="Test5" time="0.017" classname="org.rerun.AdactinAutomationWithRerun">
    <skipped/>
  </testcase> <!-- Test5 -->
  <system-out/>
  <testcase name="Test5" time="0.017" classname="org.rerun.AdactinAutomationWithRerun">
    <skipped/>
  </testcase> <!-- Test5 -->
  <system-out/>
  <testcase name="Test5" time="0.014" classname="org.rerun.AdactinAutomationWithRerun">
    <skipped/>
  </testcase> <!-- Test5 -->
  <system-out/>
  <testcase name="Test5" time="0.015" classname="org.rerun.AdactinAutomationWithRerun">
    <skipped/>
  </testcase> <!-- Test5 -->
  <system-out/>
  <testcase name="Test5" time="0.016" classname="org.rerun.AdactinAutomationWithRerun">
    <skipped/>
  </testcase> <!-- Test5 -->
  <system-out/>
  <testcase name="Test5" time="0.016" classname="org.rerun.AdactinAutomationWithRerun">
    <skipped/>
  </testcase> <!-- Test5 -->
  <system-out/>
  <testcase name="Test5" time="0.015" classname="org.rerun.AdactinAutomationWithRerun">
    <skipped/>
  </testcase> <!-- Test5 -->
  <system-out/>
  <testcase name="Test5" time="0.018" classname="org.rerun.AdactinAutomationWithRerun">
    <skipped/>
  </testcase> <!-- Test5 -->
  <system-out/>
  <testcase name="Test5" time="0.015" classname="org.rerun.AdactinAutomationWithRerun">
    <skipped/>
  </testcase> <!-- Test5 -->
  <system-out/>
  <testcase name="Test5" time="0.016" classname="org.rerun.AdactinAutomationWithRerun">
    <skipped/>
  </testcase> <!-- Test5 -->
  <system-out/>
  <testcase name="Test5" time="0.016" classname="org.rerun.AdactinAutomationWithRerun">
    <skipped/>
  </testcase> <!-- Test5 -->
  <system-out/>
  <testcase name="Test5" time="0.017" classname="org.rerun.AdactinAutomationWithRerun">
    <skipped/>
  </testcase> <!-- Test5 -->
  <system-out/>
  <testcase name="Test5" time="0.014" classname="org.rerun.AdactinAutomationWithRerun">
    <skipped/>
  </testcase> <!-- Test5 -->
  <system-out/>
  <testcase name="Test5" time="0.017" classname="org.rerun.AdactinAutomationWithRerun">
    <skipped/>
  </testcase> <!-- Test5 -->
  <system-out/>
  <testcase name="Test5" time="0.017" classname="org.rerun.AdactinAutomationWithRerun">
    <skipped/>
  </testcase> <!-- Test5 -->
  <system-out/>
  <testcase name="Test5" time="0.016" classname="org.rerun.AdactinAutomationWithRerun">
    <skipped/>
  </testcase> <!-- Test5 -->
  <system-out/>
  <testcase name="Test5" time="0.019" classname="org.rerun.AdactinAutomationWithRerun">
    <skipped/>
  </testcase> <!-- Test5 -->
  <system-out/>
  <testcase name="Test5" time="0.015" classname="org.rerun.AdactinAutomationWithRerun">
    <skipped/>
  </testcase> <!-- Test5 -->
  <system-out/>
  <testcase name="Test5" time="0.017" classname="org.rerun.AdactinAutomationWithRerun">
    <skipped/>
  </testcase> <!-- Test5 -->
  <system-out/>
  <testcase name="Test5" time="0.017" classname="org.rerun.AdactinAutomationWithRerun">
    <skipped/>
  </testcase> <!-- Test5 -->
  <system-out/>
  <testcase name="Test5" time="0.017" classname="org.rerun.AdactinAutomationWithRerun">
    <skipped/>
  </testcase> <!-- Test5 -->
  <system-out/>
  <testcase name="Test5" time="0.017" classname="org.rerun.AdactinAutomationWithRerun">
    <skipped/>
  </testcase> <!-- Test5 -->
  <system-out/>
  <testcase name="Test5" time="0.017" classname="org.rerun.AdactinAutomationWithRerun">
    <skipped/>
  </testcase> <!-- Test5 -->
  <system-out/>
  <testcase name="Test5" time="0.017" classname="org.rerun.AdactinAutomationWithRerun">
    <skipped/>
  </testcase> <!-- Test5 -->
  <system-out/>
  <testcase name="Test5" time="0.022" classname="org.rerun.AdactinAutomationWithRerun">
    <skipped/>
  </testcase> <!-- Test5 -->
  <system-out/>
  <testcase name="Test5" time="0.016" classname="org.rerun.AdactinAutomationWithRerun">
    <skipped/>
  </testcase> <!-- Test5 -->
  <system-out/>
  <testcase name="Test5" time="0.020" classname="org.rerun.AdactinAutomationWithRerun">
    <skipped/>
  </testcase> <!-- Test5 -->
  <system-out/>
  <testcase name="Test5" time="2.398" classname="org.rerun.AdactinAutomationWithRerun"/>
  <system-out/>
  <testcase name="Test5" time="0.015" classname="org.rerun.AdactinAutomationWithRerun">
    <skipped/>
  </testcase> <!-- Test5 -->
  <system-out/>
  <testcase name="Test5" time="0.021" classname="org.rerun.AdactinAutomationWithRerun">
    <skipped/>
  </testcase> <!-- Test5 -->
  <system-out/>
  <testcase name="Test5" time="0.020" classname="org.rerun.AdactinAutomationWithRerun">
    <skipped/>
  </testcase> <!-- Test5 -->
  <system-out/>
  <testcase name="Test5" time="0.016" classname="org.rerun.AdactinAutomationWithRerun">
    <skipped/>
  </testcase> <!-- Test5 -->
  <system-out/>
  <testcase name="Test5" time="0.018" classname="org.rerun.AdactinAutomationWithRerun">
    <skipped/>
  </testcase> <!-- Test5 -->
  <system-out/>
  <testcase name="Test5" time="0.014" classname="org.rerun.AdactinAutomationWithRerun">
    <skipped/>
  </testcase> <!-- Test5 -->
  <system-out/>
  <testcase name="Test5" time="0.016" classname="org.rerun.AdactinAutomationWithRerun">
    <skipped/>
  </testcase> <!-- Test5 -->
  <system-out/>
  <testcase name="Test5" time="0.016" classname="org.rerun.AdactinAutomationWithRerun">
    <skipped/>
  </testcase> <!-- Test5 -->
  <system-out/>
  <testcase name="Test5" time="0.017" classname="org.rerun.AdactinAutomationWithRerun">
    <skipped/>
  </testcase> <!-- Test5 -->
  <system-out/>
  <testcase name="Test5" time="0.016" classname="org.rerun.AdactinAutomationWithRerun">
    <skipped/>
  </testcase> <!-- Test5 -->
  <system-out/>
  <testcase name="Test5" time="0.015" classname="org.rerun.AdactinAutomationWithRerun">
    <skipped/>
  </testcase> <!-- Test5 -->
  <system-out/>
  <testcase name="Test5" time="0.016" classname="org.rerun.AdactinAutomationWithRerun">
    <skipped/>
  </testcase> <!-- Test5 -->
  <system-out/>
  <testcase name="Test5" time="0.015" classname="org.rerun.AdactinAutomationWithRerun">
    <skipped/>
  </testcase> <!-- Test5 -->
  <system-out/>
  <testcase name="Test5" time="0.019" classname="org.rerun.AdactinAutomationWithRerun">
    <skipped/>
  </testcase> <!-- Test5 -->
  <system-out/>
  <testcase name="Test5" time="0.015" classname="org.rerun.AdactinAutomationWithRerun">
    <skipped/>
  </testcase> <!-- Test5 -->
  <system-out/>
  <testcase name="Test5" time="0.014" classname="org.rerun.AdactinAutomationWithRerun">
    <skipped/>
  </testcase> <!-- Test5 -->
  <system-out/>
  <testcase name="Test5" time="0.015" classname="org.rerun.AdactinAutomationWithRerun">
    <skipped/>
  </testcase> <!-- Test5 -->
  <system-out/>
  <testcase name="Test5" time="0.016" classname="org.rerun.AdactinAutomationWithRerun">
    <skipped/>
  </testcase> <!-- Test5 -->
  <system-out/>
  <testcase name="Test5" time="0.017" classname="org.rerun.AdactinAutomationWithRerun">
    <skipped/>
  </testcase> <!-- Test5 -->
  <system-out/>
  <testcase name="Test5" time="0.016" classname="org.rerun.AdactinAutomationWithRerun">
    <skipped/>
  </testcase> <!-- Test5 -->
  <system-out/>
  <testcase name="Test5" time="0.018" classname="org.rerun.AdactinAutomationWithRerun">
    <skipped/>
  </testcase> <!-- Test5 -->
  <system-out/>
  <testcase name="Test5" time="0.016" classname="org.rerun.AdactinAutomationWithRerun">
    <skipped/>
  </testcase> <!-- Test5 -->
  <system-out/>
  <testcase name="Test5" time="0.017" classname="org.rerun.AdactinAutomationWithRerun">
    <skipped/>
  </testcase> <!-- Test5 -->
  <system-out/>
  <testcase name="Test5" time="0.017" classname="org.rerun.AdactinAutomationWithRerun">
    <skipped/>
  </testcase> <!-- Test5 -->
  <system-out/>
  <testcase name="Test5" time="0.016" classname="org.rerun.AdactinAutomationWithRerun">
    <skipped/>
  </testcase> <!-- Test5 -->
  <system-out/>
  <testcase name="Test5" time="0.016" classname="org.rerun.AdactinAutomationWithRerun">
    <skipped/>
  </testcase> <!-- Test5 -->
  <system-out/>
  <testcase name="Test5" time="0.015" classname="org.rerun.AdactinAutomationWithRerun">
    <skipped/>
  </testcase> <!-- Test5 -->
  <system-out/>
  <testcase name="Test5" time="0.015" classname="org.rerun.AdactinAutomationWithRerun">
    <skipped/>
  </testcase> <!-- Test5 -->
  <system-out/>
  <testcase name="Test5" time="0.015" classname="org.rerun.AdactinAutomationWithRerun">
    <skipped/>
  </testcase> <!-- Test5 -->
  <system-out/>
  <testcase name="Test5" time="0.015" classname="org.rerun.AdactinAutomationWithRerun">
    <skipped/>
  </testcase> <!-- Test5 -->
  <system-out/>
  <testcase name="Test5" time="0.018" classname="org.rerun.AdactinAutomationWithRerun">
    <skipped/>
  </testcase> <!-- Test5 -->
  <system-out/>
  <testcase name="Test5" time="0.015" classname="org.rerun.AdactinAutomationWithRerun">
    <skipped/>
  </testcase> <!-- Test5 -->
  <system-out/>
  <testcase name="Test5" time="0.015" classname="org.rerun.AdactinAutomationWithRerun">
    <skipped/>
  </testcase> <!-- Test5 -->
  <system-out/>
  <testcase name="Test5" time="0.017" classname="org.rerun.AdactinAutomationWithRerun">
    <skipped/>
  </testcase> <!-- Test5 -->
  <system-out/>
  <testcase name="Test5" time="0.016" classname="org.rerun.AdactinAutomationWithRerun">
    <skipped/>
  </testcase> <!-- Test5 -->
  <system-out/>
  <testcase name="Test5" time="0.015" classname="org.rerun.AdactinAutomationWithRerun">
    <skipped/>
  </testcase> <!-- Test5 -->
  <system-out/>
  <testcase name="Test5" time="0.017" classname="org.rerun.AdactinAutomationWithRerun">
    <skipped/>
  </testcase> <!-- Test5 -->
  <system-out/>
  <testcase name="Test5" time="0.016" classname="org.rerun.AdactinAutomationWithRerun">
    <skipped/>
  </testcase> <!-- Test5 -->
  <system-out/>
  <testcase name="Test5" time="0.016" classname="org.rerun.AdactinAutomationWithRerun">
    <skipped/>
  </testcase> <!-- Test5 -->
  <system-out/>
  <testcase name="Test5" time="0.015" classname="org.rerun.AdactinAutomationWithRerun">
    <skipped/>
  </testcase> <!-- Test5 -->
  <system-out/>
  <testcase name="Test5" time="0.017" classname="org.rerun.AdactinAutomationWithRerun">
    <skipped/>
  </testcase> <!-- Test5 -->
  <system-out/>
  <testcase name="Test5" time="0.016" classname="org.rerun.AdactinAutomationWithRerun">
    <skipped/>
  </testcase> <!-- Test5 -->
  <system-out/>
  <testcase name="Test5" time="0.017" classname="org.rerun.AdactinAutomationWithRerun">
    <skipped/>
  </testcase> <!-- Test5 -->
  <system-out/>
  <testcase name="Test5" time="0.016" classname="org.rerun.AdactinAutomationWithRerun">
    <skipped/>
  </testcase> <!-- Test5 -->
  <system-out/>
  <testcase name="Test5" time="0.016" classname="org.rerun.AdactinAutomationWithRerun">
    <skipped/>
  </testcase> <!-- Test5 -->
  <system-out/>
  <testcase name="Test5" time="0.016" classname="org.rerun.AdactinAutomationWithRerun">
    <skipped/>
  </testcase> <!-- Test5 -->
  <system-out/>
  <testcase name="Test5" time="0.016" classname="org.rerun.AdactinAutomationWithRerun">
    <skipped/>
  </testcase> <!-- Test5 -->
  <system-out/>
  <testcase name="Test5" time="0.015" classname="org.rerun.AdactinAutomationWithRerun">
    <skipped/>
  </testcase> <!-- Test5 -->
  <system-out/>
  <testcase name="Test5" time="0.017" classname="org.rerun.AdactinAutomationWithRerun">
    <skipped/>
  </testcase> <!-- Test5 -->
  <system-out/>
  <testcase name="Test5" time="0.017" classname="org.rerun.AdactinAutomationWithRerun">
    <skipped/>
  </testcase> <!-- Test5 -->
  <system-out/>
  <testcase name="Test5" time="0.015" classname="org.rerun.AdactinAutomationWithRerun">
    <skipped/>
  </testcase> <!-- Test5 -->
  <system-out/>
  <testcase name="Test5" time="0.014" classname="org.rerun.AdactinAutomationWithRerun">
    <skipped/>
  </testcase> <!-- Test5 -->
  <system-out/>
  <testcase name="Test5" time="0.016" classname="org.rerun.AdactinAutomationWithRerun">
    <skipped/>
  </testcase> <!-- Test5 -->
  <system-out/>
  <testcase name="Test5" time="0.017" classname="org.rerun.AdactinAutomationWithRerun">
    <skipped/>
  </testcase> <!-- Test5 -->
  <system-out/>
  <testcase name="Test5" time="0.015" classname="org.rerun.AdactinAutomationWithRerun">
    <skipped/>
  </testcase> <!-- Test5 -->
  <system-out/>
  <testcase name="Test5" time="0.017" classname="org.rerun.AdactinAutomationWithRerun">
    <skipped/>
  </testcase> <!-- Test5 -->
  <system-out/>
  <testcase name="Test5" time="0.016" classname="org.rerun.AdactinAutomationWithRerun">
    <skipped/>
  </testcase> <!-- Test5 -->
  <system-out/>
  <testcase name="Test5" time="0.018" classname="org.rerun.AdactinAutomationWithRerun">
    <skipped/>
  </testcase> <!-- Test5 -->
  <system-out/>
  <testcase name="Test5" time="0.015" classname="org.rerun.AdactinAutomationWithRerun">
    <skipped/>
  </testcase> <!-- Test5 -->
  <system-out/>
  <testcase name="Test5" time="0.016" classname="org.rerun.AdactinAutomationWithRerun">
    <skipped/>
  </testcase> <!-- Test5 -->
  <system-out/>
  <testcase name="Test5" time="0.017" classname="org.rerun.AdactinAutomationWithRerun">
    <skipped/>
  </testcase> <!-- Test5 -->
  <system-out/>
  <testcase name="Test5" time="0.019" classname="org.rerun.AdactinAutomationWithRerun">
    <skipped/>
  </testcase> <!-- Test5 -->
  <system-out/>
  <testcase name="Test5" time="0.016" classname="org.rerun.AdactinAutomationWithRerun">
    <skipped/>
  </testcase> <!-- Test5 -->
  <system-out/>
  <testcase name="Test5" time="0.016" classname="org.rerun.AdactinAutomationWithRerun">
    <skipped/>
  </testcase> <!-- Test5 -->
  <system-out/>
  <testcase name="Test5" time="0.021" classname="org.rerun.AdactinAutomationWithRerun">
    <skipped/>
  </testcase> <!-- Test5 -->
  <system-out/>
  <testcase name="Test5" time="0.018" classname="org.rerun.AdactinAutomationWithRerun">
    <skipped/>
  </testcase> <!-- Test5 -->
  <system-out/>
  <testcase name="Test5" time="0.016" classname="org.rerun.AdactinAutomationWithRerun">
    <skipped/>
  </testcase> <!-- Test5 -->
  <system-out/>
  <testcase name="Test5" time="0.014" classname="org.rerun.AdactinAutomationWithRerun">
    <skipped/>
  </testcase> <!-- Test5 -->
  <system-out/>
  <testcase name="Test5" time="0.017" classname="org.rerun.AdactinAutomationWithRerun">
    <skipped/>
  </testcase> <!-- Test5 -->
  <system-out/>
  <testcase name="Test5" time="0.017" classname="org.rerun.AdactinAutomationWithRerun">
    <skipped/>
  </testcase> <!-- Test5 -->
  <system-out/>
  <testcase name="Test5" time="0.013" classname="org.rerun.AdactinAutomationWithRerun">
    <skipped/>
  </testcase> <!-- Test5 -->
  <system-out/>
  <testcase name="Test5" time="0.017" classname="org.rerun.AdactinAutomationWithRerun">
    <skipped/>
  </testcase> <!-- Test5 -->
  <system-out/>
  <testcase name="Test5" time="0.016" classname="org.rerun.AdactinAutomationWithRerun">
    <skipped/>
  </testcase> <!-- Test5 -->
  <system-out/>
  <testcase name="Test5" time="0.017" classname="org.rerun.AdactinAutomationWithRerun">
    <skipped/>
  </testcase> <!-- Test5 -->
  <system-out/>
  <testcase name="Test5" time="0.016" classname="org.rerun.AdactinAutomationWithRerun">
    <skipped/>
  </testcase> <!-- Test5 -->
  <system-out/>
  <testcase name="Test5" time="0.017" classname="org.rerun.AdactinAutomationWithRerun">
    <skipped/>
  </testcase> <!-- Test5 -->
  <system-out/>
  <testcase name="Test5" time="0.017" classname="org.rerun.AdactinAutomationWithRerun">
    <skipped/>
  </testcase> <!-- Test5 -->
  <system-out/>
  <testcase name="Test5" time="0.016" classname="org.rerun.AdactinAutomationWithRerun">
    <skipped/>
  </testcase> <!-- Test5 -->
  <system-out/>
  <testcase name="Test5" time="0.014" classname="org.rerun.AdactinAutomationWithRerun">
    <skipped/>
  </testcase> <!-- Test5 -->
  <system-out/>
  <testcase name="Test5" time="0.015" classname="org.rerun.AdactinAutomationWithRerun">
    <skipped/>
  </testcase> <!-- Test5 -->
  <system-out/>
  <testcase name="Test5" time="0.015" classname="org.rerun.AdactinAutomationWithRerun">
    <skipped/>
  </testcase> <!-- Test5 -->
  <system-out/>
  <testcase name="Test5" time="0.015" classname="org.rerun.AdactinAutomationWithRerun">
    <skipped/>
  </testcase> <!-- Test5 -->
  <system-out/>
  <testcase name="Test2" time="2.189" classname="org.rerun.AdactinAutomationWithRerun"/>
  <system-out/>
  <testcase name="Test5" time="0.016" classname="org.rerun.AdactinAutomationWithRerun">
    <skipped/>
  </testcase> <!-- Test5 -->
  <system-out/>
  <testcase name="Test5" time="0.015" classname="org.rerun.AdactinAutomationWithRerun">
    <skipped/>
  </testcase> <!-- Test5 -->
  <system-out/>
  <testcase name="Test5" time="0.016" classname="org.rerun.AdactinAutomationWithRerun">
    <skipped/>
  </testcase> <!-- Test5 -->
  <system-out/>
  <testcase name="Test5" time="0.017" classname="org.rerun.AdactinAutomationWithRerun">
    <skipped/>
  </testcase> <!-- Test5 -->
  <system-out/>
  <testcase name="Test5" time="0.017" classname="org.rerun.AdactinAutomationWithRerun">
    <skipped/>
  </testcase> <!-- Test5 -->
  <system-out/>
  <testcase name="Test5" time="0.016" classname="org.rerun.AdactinAutomationWithRerun">
    <skipped/>
  </testcase> <!-- Test5 -->
  <system-out/>
  <testcase name="Test5" time="0.015" classname="org.rerun.AdactinAutomationWithRerun">
    <skipped/>
  </testcase> <!-- Test5 -->
  <system-out/>
  <testcase name="Test5" time="0.017" classname="org.rerun.AdactinAutomationWithRerun">
    <skipped/>
  </testcase> <!-- Test5 -->
  <system-out/>
  <testcase name="Test5" time="0.015" classname="org.rerun.AdactinAutomationWithRerun">
    <skipped/>
  </testcase> <!-- Test5 -->
  <system-out/>
  <testcase name="Test5" time="0.019" classname="org.rerun.AdactinAutomationWithRerun">
    <skipped/>
  </testcase> <!-- Test5 -->
  <system-out/>
  <testcase name="Test5" time="0.015" classname="org.rerun.AdactinAutomationWithRerun">
    <skipped/>
  </testcase> <!-- Test5 -->
  <system-out/>
  <testcase name="Test5" time="0.016" classname="org.rerun.AdactinAutomationWithRerun">
    <skipped/>
  </testcase> <!-- Test5 -->
  <system-out/>
  <testcase name="Test5" time="0.017" classname="org.rerun.AdactinAutomationWithRerun">
    <skipped/>
  </testcase> <!-- Test5 -->
  <system-out/>
  <testcase name="Test5" time="0.016" classname="org.rerun.AdactinAutomationWithRerun">
    <skipped/>
  </testcase> <!-- Test5 -->
  <system-out/>
  <testcase name="Test5" time="0.017" classname="org.rerun.AdactinAutomationWithRerun">
    <skipped/>
  </testcase> <!-- Test5 -->
  <system-out/>
  <testcase name="Test5" time="0.017" classname="org.rerun.AdactinAutomationWithRerun">
    <skipped/>
  </testcase> <!-- Test5 -->
  <system-out/>
  <testcase name="Test5" time="0.016" classname="org.rerun.AdactinAutomationWithRerun">
    <skipped/>
  </testcase> <!-- Test5 -->
  <system-out/>
  <testcase name="Test5" time="0.021" classname="org.rerun.AdactinAutomationWithRerun">
    <skipped/>
  </testcase> <!-- Test5 -->
  <system-out/>
  <testcase name="Test5" time="0.017" classname="org.rerun.AdactinAutomationWithRerun">
    <skipped/>
  </testcase> <!-- Test5 -->
  <system-out/>
  <testcase name="Test5" time="0.014" classname="org.rerun.AdactinAutomationWithRerun">
    <skipped/>
  </testcase> <!-- Test5 -->
  <system-out/>
  <testcase name="Test5" time="0.015" classname="org.rerun.AdactinAutomationWithRerun">
    <skipped/>
  </testcase> <!-- Test5 -->
  <system-out/>
  <testcase name="Test5" time="0.021" classname="org.rerun.AdactinAutomationWithRerun">
    <skipped/>
  </testcase> <!-- Test5 -->
  <system-out/>
  <testcase name="Test5" time="0.014" classname="org.rerun.AdactinAutomationWithRerun">
    <skipped/>
  </testcase> <!-- Test5 -->
  <system-out/>
  <testcase name="Test5" time="0.016" classname="org.rerun.AdactinAutomationWithRerun">
    <skipped/>
  </testcase> <!-- Test5 -->
  <system-out/>
  <testcase name="Test5" time="0.016" classname="org.rerun.AdactinAutomationWithRerun">
    <skipped/>
  </testcase> <!-- Test5 -->
  <system-out/>
  <testcase name="Test5" time="0.015" classname="org.rerun.AdactinAutomationWithRerun">
    <skipped/>
  </testcase> <!-- Test5 -->
  <system-out/>
  <testcase name="Test5" time="0.016" classname="org.rerun.AdactinAutomationWithRerun">
    <skipped/>
  </testcase> <!-- Test5 -->
  <system-out/>
  <testcase name="Test5" time="0.016" classname="org.rerun.AdactinAutomationWithRerun">
    <skipped/>
  </testcase> <!-- Test5 -->
  <system-out/>
  <testcase name="Test5" time="0.020" classname="org.rerun.AdactinAutomationWithRerun">
    <skipped/>
  </testcase> <!-- Test5 -->
  <system-out/>
  <testcase name="Test5" time="0.016" classname="org.rerun.AdactinAutomationWithRerun">
    <skipped/>
  </testcase> <!-- Test5 -->
  <system-out/>
  <testcase name="Test5" time="0.015" classname="org.rerun.AdactinAutomationWithRerun">
    <skipped/>
  </testcase> <!-- Test5 -->
  <system-out/>
  <testcase name="Test5" time="0.022" classname="org.rerun.AdactinAutomationWithRerun">
    <skipped/>
  </testcase> <!-- Test5 -->
  <system-out/>
  <testcase name="Test5" time="0.017" classname="org.rerun.AdactinAutomationWithRerun">
    <skipped/>
  </testcase> <!-- Test5 -->
  <system-out/>
  <testcase name="Test5" time="0.017" classname="org.rerun.AdactinAutomationWithRerun">
    <skipped/>
  </testcase> <!-- Test5 -->
  <system-out/>
  <testcase name="Test5" time="0.015" classname="org.rerun.AdactinAutomationWithRerun">
    <skipped/>
  </testcase> <!-- Test5 -->
  <system-out/>
  <testcase name="Test5" time="0.016" classname="org.rerun.AdactinAutomationWithRerun">
    <skipped/>
  </testcase> <!-- Test5 -->
  <system-out/>
  <testcase name="Test5" time="0.015" classname="org.rerun.AdactinAutomationWithRerun">
    <skipped/>
  </testcase> <!-- Test5 -->
  <system-out/>
  <testcase name="Test5" time="0.016" classname="org.rerun.AdactinAutomationWithRerun">
    <skipped/>
  </testcase> <!-- Test5 -->
  <system-out/>
  <testcase name="Test5" time="0.016" classname="org.rerun.AdactinAutomationWithRerun">
    <skipped/>
  </testcase> <!-- Test5 -->
  <system-out/>
  <testcase name="Test5" time="0.016" classname="org.rerun.AdactinAutomationWithRerun">
    <skipped/>
  </testcase> <!-- Test5 -->
  <system-out/>
  <testcase name="Test5" time="0.015" classname="org.rerun.AdactinAutomationWithRerun">
    <skipped/>
  </testcase> <!-- Test5 -->
  <system-out/>
  <testcase name="Test5" time="0.015" classname="org.rerun.AdactinAutomationWithRerun">
    <skipped/>
  </testcase> <!-- Test5 -->
  <system-out/>
  <testcase name="Test5" time="0.017" classname="org.rerun.AdactinAutomationWithRerun">
    <skipped/>
  </testcase> <!-- Test5 -->
  <system-out/>
  <testcase name="Test5" time="0.015" classname="org.rerun.AdactinAutomationWithRerun">
    <skipped/>
  </testcase> <!-- Test5 -->
  <system-out/>
  <testcase name="Test5" time="0.016" classname="org.rerun.AdactinAutomationWithRerun">
    <skipped/>
  </testcase> <!-- Test5 -->
  <system-out/>
  <testcase name="Test5" time="0.017" classname="org.rerun.AdactinAutomationWithRerun">
    <skipped/>
  </testcase> <!-- Test5 -->
  <system-out/>
  <testcase name="Test5" time="0.015" classname="org.rerun.AdactinAutomationWithRerun">
    <skipped/>
  </testcase> <!-- Test5 -->
  <system-out/>
  <testcase name="Test4" time="1.399" classname="org.rerun.AdactinAutomationWithRerun"/>
  <system-out/>
  <testcase name="Test5" time="0.015" classname="org.rerun.AdactinAutomationWithRerun">
    <skipped/>
  </testcase> <!-- Test5 -->
  <system-out/>
  <testcase name="Test5" time="0.035" classname="org.rerun.AdactinAutomationWithRerun">
    <skipped/>
  </testcase> <!-- Test5 -->
  <system-out/>
  <testcase name="Test5" time="0.016" classname="org.rerun.AdactinAutomationWithRerun">
    <skipped/>
  </testcase> <!-- Test5 -->
  <system-out/>
  <testcase name="Test5" time="0.015" classname="org.rerun.AdactinAutomationWithRerun">
    <skipped/>
  </testcase> <!-- Test5 -->
  <system-out/>
  <testcase name="Test5" time="0.016" classname="org.rerun.AdactinAutomationWithRerun">
    <skipped/>
  </testcase> <!-- Test5 -->
  <system-out/>
  <testcase name="Test5" time="0.015" classname="org.rerun.AdactinAutomationWithRerun">
    <skipped/>
  </testcase> <!-- Test5 -->
  <system-out/>
  <testcase name="Test5" time="0.018" classname="org.rerun.AdactinAutomationWithRerun">
    <skipped/>
  </testcase> <!-- Test5 -->
  <system-out/>
  <testcase name="Test5" time="0.015" classname="org.rerun.AdactinAutomationWithRerun">
    <skipped/>
  </testcase> <!-- Test5 -->
  <system-out/>
  <testcase name="Test5" time="0.018" classname="org.rerun.AdactinAutomationWithRerun">
    <skipped/>
  </testcase> <!-- Test5 -->
  <system-out/>
  <testcase name="Test5" time="0.017" classname="org.rerun.AdactinAutomationWithRerun">
    <skipped/>
  </testcase> <!-- Test5 -->
  <system-out/>
</testsuite> <!-- org.rerun.AdactinAutomationWithRerun -->
