<?xml version="1.0" encoding="UTF-8"?>
<!-- Generated by org.testng.reporters.JUnitReportReporter -->
<testsuite skipped="0" hostname="DESKTOP-E8P7HBR" name="org.taskAdact.AdactinHotelExecutionClass" tests="5" failures="0" timestamp="2021-04-07T17:03:33 IST" time="24.263" errors="0">
  <testcase name="tc4Register" time="1.617" classname="org.taskAdact.AdactinHotelExecutionClass"/>
  <system-out/>
  <testcase name="tc2Register" time="2.785" classname="org.taskAdact.AdactinHotelExecutionClass"/>
  <system-out/>
  <testcase name="tc3Register" time="1.343" classname="org.taskAdact.AdactinHotelExecutionClass"/>
  <system-out/>
  <testcase name="Tc1Login" time="1.966" classname="org.taskAdact.AdactinHotelExecutionClass"/>
  <system-out/>
  <testcase name="tc5Submit" time="16.552" classname="org.taskAdact.AdactinHotelExecutionClass"/>
  <system-out/>
</testsuite> <!-- org.taskAdact.AdactinHotelExecutionClass -->
