<?xml version="1.0" encoding="UTF-8"?>
<!-- Generated by org.testng.reporters.JUnitReportReporter -->
<testsuite skipped="0" hostname="DESKTOP-E8P7HBR" name="org.parallelExecution.sample3" tests="5" failures="0" timestamp="2021-04-09T12:22:09 IST" time="0.046" errors="0">
  <testcase name="tc222" time="0.010" classname="org.parallelExecution.sample3"/>
  <system-out/>
  <testcase name="tc000" time="0.019" classname="org.parallelExecution.sample3"/>
  <system-out/>
  <testcase name="tc333" time="0.005" classname="org.parallelExecution.sample3"/>
  <system-out/>
  <testcase name="tc111" time="0.009" classname="org.parallelExecution.sample3"/>
  <system-out/>
  <testcase name="tc444" time="0.003" classname="org.parallelExecution.sample3"/>
  <system-out/>
</testsuite> <!-- org.parallelExecution.sample3 -->
