<?xml version="1.0" encoding="UTF-8"?>
<!-- Generated by org.testng.reporters.JUnitReportReporter -->
<testsuite skipped="0" hostname="DESKTOP-E8P7HBR" name="org.reporttask.Samplereports" tests="2" failures="0" timestamp="2021-04-10T17:04:26 IST" time="5.765" errors="0">
  <testcase name="tc1" time="5.720" classname="org.reporttask.Samplereports"/>
  <system-out/>
  <testcase name="tc0" time="0.045" classname="org.reporttask.Samplereports"/>
  <system-out/>
</testsuite> <!-- org.reporttask.Samplereports -->
