<?xml version="1.0" encoding="UTF-8"?>
<!-- Generated by org.testng.reporters.JUnitReportReporter -->
<testsuite skipped="0" hostname="DESKTOP-E8P7HBR" name="org.airlinesite.ExecutingClassBlazeDemo" tests="4" failures="0" timestamp="2021-04-11T14:28:07 IST" time="10.232" errors="0">
  <testcase name="TestCase1Login" time="3.793" classname="org.airlinesite.ExecutingClassBlazeDemo"/>
  <system-out/>
  <testcase name="TestCase2ChooseFlights" time="1.820" classname="org.airlinesite.ExecutingClassBlazeDemo"/>
  <system-out/>
  <testcase name="TestCase3RegisterDetails" time="3.616" classname="org.airlinesite.ExecutingClassBlazeDemo"/>
  <system-out/>
  <testcase name="TestCase4OrderId" time="1.003" classname="org.airlinesite.ExecutingClassBlazeDemo"/>
  <system-out/>
</testsuite> <!-- org.airlinesite.ExecutingClassBlazeDemo -->
