<?xml version="1.0" encoding="UTF-8"?>
<!-- Generated by org.testng.reporters.JUnitReportReporter -->
<testsuite skipped="0" hostname="DESKTOP-E8P7HBR" name="org.parallelExecution.ParallelExecutionTestLevel" tests="3" failures="0" timestamp="2021-04-09T16:46:57 IST" time="95.820" errors="0">
  <testcase name="Browsers" time="6.678" classname="org.parallelExecution.ParallelExecutionTestLevel"/>
  <system-out/>
  <testcase name="Browsers" time="78.542" classname="org.parallelExecution.ParallelExecutionTestLevel"/>
  <system-out/>
  <testcase name="Browsers" time="10.600" classname="org.parallelExecution.ParallelExecutionTestLevel"/>
  <system-out/>
</testsuite> <!-- org.parallelExecution.ParallelExecutionTestLevel -->
