<?xml version="1.0" encoding="UTF-8"?>
<!-- Generated by org.testng.reporters.JUnitReportReporter -->
<testsuite skipped="0" hostname="DESKTOP-E8P7HBR" name="org.assertHS.HardAssertSeleniumIntegration" tests="2" failures="0" timestamp="2021-04-08T11:07:43 IST" time="0.840" errors="0">
  <testcase name="Result" time="0.284" classname="org.assertHS.HardAssertSeleniumIntegration"/>
  <system-out/>
  <testcase name="tc2Login" time="0.556" classname="org.assertHS.HardAssertSeleniumIntegration"/>
  <system-out/>
</testsuite> <!-- org.assertHS.HardAssertSeleniumIntegration -->
