<?xml version="1.0" encoding="UTF-8"?>
<!-- Generated by org.testng.reporters.JUnitReportReporter -->
<testsuite skipped="0" hostname="DESKTOP-E8P7HBR" name="org.parallelExecution.sample1" tests="5" failures="0" timestamp="2021-04-09T12:22:09 IST" time="0.043" errors="0">
  <testcase name="tc3" time="0.003" classname="org.parallelExecution.sample1"/>
  <system-out/>
  <testcase name="tc2" time="0.008" classname="org.parallelExecution.sample1"/>
  <system-out/>
  <testcase name="tc0" time="0.019" classname="org.parallelExecution.sample1"/>
  <system-out/>
  <testcase name="tc4" time="0.003" classname="org.parallelExecution.sample1"/>
  <system-out/>
  <testcase name="tc1" time="0.010" classname="org.parallelExecution.sample1"/>
  <system-out/>
</testsuite> <!-- org.parallelExecution.sample1 -->
