<?xml version="1.0" encoding="UTF-8"?>
<!-- Generated by org.testng.reporters.JUnitReportReporter -->
<testsuite skipped="0" hostname="DESKTOP-E8P7HBR" name="org.parallelExecution.sample2" tests="5" failures="0" timestamp="2021-04-09T12:22:09 IST" time="0.035" errors="0">
  <testcase name="tc00" time="0.019" classname="org.parallelExecution.sample2"/>
  <system-out/>
  <testcase name="tc33" time="0.004" classname="org.parallelExecution.sample2"/>
  <system-out/>
  <testcase name="tc22" time="0.004" classname="org.parallelExecution.sample2"/>
  <system-out/>
  <testcase name="tc11" time="0.004" classname="org.parallelExecution.sample2"/>
  <system-out/>
  <testcase name="tc44" time="0.004" classname="org.parallelExecution.sample2"/>
  <system-out/>
</testsuite> <!-- org.parallelExecution.sample2 -->
