<?xml version="1.0" encoding="UTF-8"?>
<!-- Generated by org.testng.reporters.JUnitReportReporter -->
<testsuite skipped="0" hostname="DESKTOP-E8P7HBR" name="org.assertHS.AdactinImplementation" tests="5" failures="0" timestamp="2021-04-10T11:23:16 IST" time="36.930" errors="0">
  <testcase name="Test1" time="9.808" classname="org.assertHS.AdactinImplementation"/>
  <system-out/>
  <testcase name="Test2" time="2.494" classname="org.assertHS.AdactinImplementation"/>
  <system-out/>
  <testcase name="Test4" time="7.410" classname="org.assertHS.AdactinImplementation"/>
  <system-out/>
  <testcase name="Test5" time="16.376" classname="org.assertHS.AdactinImplementation"/>
  <system-out/>
  <testcase name="Test3" time="0.842" classname="org.assertHS.AdactinImplementation"/>
  <system-out/>
</testsuite> <!-- org.assertHS.AdactinImplementation -->
