<?xml version="1.0" encoding="UTF-8"?>
<!-- Generated by org.testng.reporters.JUnitReportReporter -->
<testsuite skipped="0" hostname="DESKTOP-E8P7HBR" name="org.hexa.MultipleClassDataProvider" tests="3" failures="0" timestamp="2021-04-07T19:35:11 IST" time="2.209" errors="0">
  <testcase name="tc1Login" time="0.714" classname="org.hexa.MultipleClassDataProvider"/>
  <system-out/>
  <testcase name="tc1Login" time="0.723" classname="org.hexa.MultipleClassDataProvider"/>
  <system-out/>
  <testcase name="tc1Login" time="0.772" classname="org.hexa.MultipleClassDataProvider"/>
  <system-out/>
</testsuite> <!-- org.hexa.MultipleClassDataProvider -->
