<?xml version="1.0" encoding="UTF-8"?>
<!-- Generated by org.testng.reporters.JUnitReportReporter -->
<testsuite skipped="0" hostname="DESKTOP-E8P7HBR" name="org.hexa.ClassProgram1" tests="3" failures="0" timestamp="2021-04-07T19:30:13 IST" time="2.266" errors="0">
  <testcase name="tc1Login" time="0.683" classname="org.hexa.ClassProgram1"/>
  <system-out/>
  <testcase name="tc1Login" time="0.803" classname="org.hexa.ClassProgram1"/>
  <system-out/>
  <testcase name="tc1Login" time="0.780" classname="org.hexa.ClassProgram1"/>
  <system-out/>
</testsuite> <!-- org.hexa.ClassProgram1 -->
