<?xml version="1.0" encoding="UTF-8"?>
<!-- Generated by org.testng.reporters.JUnitReportReporter -->
<testsuite skipped="0" hostname="DESKTOP-E8P7HBR" name="org.rerun.ManualRerunClass" tests="1" failures="0" timestamp="2021-04-10T10:35:34 IST" time="0.010" errors="0">
  <testcase name="tc4" time="0.010" classname="org.rerun.ManualRerunClass"/>
  <system-out/>
</testsuite> <!-- org.rerun.ManualRerunClass -->
